{"numTotalTestSuites":4,"numPassedTestSuites":0,"numFailedTestSuites":4,"numPendingTestSuites":0,"numTotalTests":17,"numPassedTests":0,"numFailedTests":17,"numPendingTests":0,"numTodoTests":0,"snapshot":{"added":0,"failure":false,"filesAdded":0,"filesRemoved":0,"filesRemovedList":[],"filesUnmatched":0,"filesUpdated":0,"matched":0,"total":0,"unchecked":0,"uncheckedKeysByFile":[],"unmatched":0,"updated":0,"didUpdate":false},"startTime":1749223058144,"success":false,"testResults":[{"assertionResults":[{"ancestorTitles":["Auth Integration Tests"],"fullName":"Auth Integration Tests moet auth module kunnen laden en initialiseren","status":"failed","title":"moet auth module kunnen laden en initialiseren","duration":42.01260000000002,"failureMessages":["AssertionError: expected undefined to be defined\n    at C:\\Users\\julia.DPIMEDIA\\AIdoc\\slimmermetai-site\\tests\\js\\integration\\auth.integration.test.js:45:18\n    at file:///C:/Users/julia.DPIMEDIA/AIdoc/slimmermetai-site/node_modules/@vitest/runner/dist/chunk-hooks.js:751:20"],"location":{"line":42,"column":5},"meta":{}},{"ancestorTitles":["Auth Integration Tests"],"fullName":"Auth Integration Tests moet login form kunnen submitten met API call","status":"failed","title":"moet login form kunnen submitten met API call","duration":6.126499999999396,"failureMessages":["TypeError: Cannot read properties of undefined (reading 'init')\n    at C:\\Users\\julia.DPIMEDIA\\AIdoc\\slimmermetai-site\\tests\\js\\integration\\auth.integration.test.js:65:10\n    at file:///C:/Users/julia.DPIMEDIA/AIdoc/slimmermetai-site/node_modules/@vitest/runner/dist/chunk-hooks.js:751:20"],"location":{"line":52,"column":5},"meta":{}},{"ancestorTitles":["Auth Integration Tests"],"fullName":"Auth Integration Tests moet registration form kunnen afhandelen","status":"failed","title":"moet registration form kunnen afhandelen","duration":4.157900000000154,"failureMessages":["TypeError: Cannot read properties of undefined (reading 'init')\n    at C:\\Users\\julia.DPIMEDIA\\AIdoc\\slimmermetai-site\\tests\\js\\integration\\auth.integration.test.js:105:10\n    at file:///C:/Users/julia.DPIMEDIA/AIdoc/slimmermetai-site/node_modules/@vitest/runner/dist/chunk-hooks.js:751:20"],"location":{"line":92,"column":5},"meta":{}},{"ancestorTitles":["Auth Integration Tests"],"fullName":"Auth Integration Tests moet errors kunnen tonen in DOM","status":"failed","title":"moet errors kunnen tonen in DOM","duration":3.5981000000001586,"failureMessages":["TypeError: Cannot read properties of undefined (reading 'init')\n    at C:\\Users\\julia.DPIMEDIA\\AIdoc\\slimmermetai-site\\tests\\js\\integration\\auth.integration.test.js:151:10\n    at file:///C:/Users/julia.DPIMEDIA/AIdoc/slimmermetai-site/node_modules/@vitest/runner/dist/chunk-hooks.js:751:20"],"location":{"line":135,"column":5},"meta":{}},{"ancestorTitles":["Auth Integration Tests"],"fullName":"Auth Integration Tests moet JWT token kunnen opslaan en ophalen","status":"failed","title":"moet JWT token kunnen opslaan en ophalen","duration":5.642499999999927,"failureMessages":["TypeError: Cannot read properties of undefined (reading 'setToken')\n    at C:\\Users\\julia.DPIMEDIA\\AIdoc\\slimmermetai-site\\tests\\js\\integration\\auth.integration.test.js:175:10\n    at file:///C:/Users/julia.DPIMEDIA/AIdoc/slimmermetai-site/node_modules/@vitest/runner/dist/chunk-hooks.js:751:20"],"location":{"line":169,"column":5},"meta":{}},{"ancestorTitles":["Auth Integration Tests"],"fullName":"Auth Integration Tests moet user session kunnen beheren","status":"failed","title":"moet user session kunnen beheren","duration":3.592999999999847,"failureMessages":["TypeError: Cannot read properties of undefined (reading 'setUser')\n    at C:\\Users\\julia.DPIMEDIA\\AIdoc\\slimmermetai-site\\tests\\js\\integration\\auth.integration.test.js:195:10\n    at file:///C:/Users/julia.DPIMEDIA/AIdoc/slimmermetai-site/node_modules/@vitest/runner/dist/chunk-hooks.js:751:20"],"location":{"line":185,"column":5},"meta":{}},{"ancestorTitles":["Auth Integration Tests"],"fullName":"Auth Integration Tests moet password visibility kunnen togglen","status":"failed","title":"moet password visibility kunnen togglen","duration":4.188199999999597,"failureMessages":["TypeError: Cannot read properties of undefined (reading 'init')\n    at C:\\Users\\julia.DPIMEDIA\\AIdoc\\slimmermetai-site\\tests\\js\\integration\\auth.integration.test.js:212:10\n    at file:///C:/Users/julia.DPIMEDIA/AIdoc/slimmermetai-site/node_modules/@vitest/runner/dist/chunk-hooks.js:751:20"],"location":{"line":209,"column":5},"meta":{}},{"ancestorTitles":["Auth Integration Tests"],"fullName":"Auth Integration Tests moet CSRF token kunnen injecteren in forms","status":"failed","title":"moet CSRF token kunnen injecteren in forms","duration":7.496299999999792,"failureMessages":["TypeError: Cannot read properties of undefined (reading 'init')\n    at C:\\Users\\julia.DPIMEDIA\\AIdoc\\slimmermetai-site\\tests\\js\\integration\\auth.integration.test.js:241:10\n    at file:///C:/Users/julia.DPIMEDIA/AIdoc/slimmermetai-site/node_modules/@vitest/runner/dist/chunk-hooks.js:751:20"],"location":{"line":232,"column":5},"meta":{}},{"ancestorTitles":["Auth Integration Tests"],"fullName":"Auth Integration Tests moet auto-redirect naar dashboard na login","status":"failed","title":"moet auto-redirect naar dashboard na login","duration":5.968300000000454,"failureMessages":["TypeError: Cannot delete property 'location' of #<Window>\n    at C:\\Users\\julia.DPIMEDIA\\AIdoc\\slimmermetai-site\\tests\\js\\integration\\auth.integration.test.js:266:5\n    at file:///C:/Users/julia.DPIMEDIA/AIdoc/slimmermetai-site/node_modules/@vitest/runner/dist/chunk-hooks.js:751:20"],"location":{"line":251,"column":5},"meta":{}}],"startTime":1749223060853,"endTime":1749223060935.9683,"status":"failed","message":"","name":"C:/Users/julia.DPIMEDIA/AIdoc/slimmermetai-site/tests/js/integration/auth.integration.test.js"},{"assertionResults":[{"ancestorTitles":["Cart Integration Tests"],"fullName":"Cart Integration Tests moet cart functionaliteit kunnen laden via module import","status":"failed","title":"moet cart functionaliteit kunnen laden via module import","duration":68.57099999999991,"failureMessages":["AssertionError: expected undefined to be defined\n    at C:\\Users\\julia.DPIMEDIA\\AIdoc\\slimmermetai-site\\tests\\js\\integration\\cart.integration.test.js:50:18\n    at file:///C:/Users/julia.DPIMEDIA/AIdoc/slimmermetai-site/node_modules/@vitest/runner/dist/chunk-hooks.js:751:20"],"location":{"line":46,"column":5},"meta":{}},{"ancestorTitles":["Cart Integration Tests"],"fullName":"Cart Integration Tests moet items kunnen toevoegen aan cart en localStorage updaten","status":"failed","title":"moet items kunnen toevoegen aan cart en localStorage updaten","duration":3.9898000000002867,"failureMessages":["TypeError: Cannot read properties of undefined (reading 'init')\n    at C:\\Users\\julia.DPIMEDIA\\AIdoc\\slimmermetai-site\\tests\\js\\integration\\cart.integration.test.js:60:10\n    at file:///C:/Users/julia.DPIMEDIA/AIdoc/slimmermetai-site/node_modules/@vitest/runner/dist/chunk-hooks.js:751:20"],"location":{"line":56,"column":5},"meta":{}},{"ancestorTitles":["Cart Integration Tests"],"fullName":"Cart Integration Tests moet cart counter in DOM kunnen updaten","status":"failed","title":"moet cart counter in DOM kunnen updaten","duration":2.743199999999888,"failureMessages":["TypeError: Cannot read properties of undefined (reading 'init')\n    at C:\\Users\\julia.DPIMEDIA\\AIdoc\\slimmermetai-site\\tests\\js\\integration\\cart.integration.test.js:82:10\n    at file:///C:/Users/julia.DPIMEDIA/AIdoc/slimmermetai-site/node_modules/@vitest/runner/dist/chunk-hooks.js:751:20"],"location":{"line":79,"column":5},"meta":{}},{"ancestorTitles":["Cart Integration Tests"],"fullName":"Cart Integration Tests moet total kunnen berekenen inclusief BTW","status":"failed","title":"moet total kunnen berekenen inclusief BTW","duration":2.3771999999999025,"failureMessages":["TypeError: Cannot read properties of undefined (reading 'init')\n    at C:\\Users\\julia.DPIMEDIA\\AIdoc\\slimmermetai-site\\tests\\js\\integration\\cart.integration.test.js:103:10\n    at file:///C:/Users/julia.DPIMEDIA/AIdoc/slimmermetai-site/node_modules/@vitest/runner/dist/chunk-hooks.js:751:20"],"location":{"line":100,"column":5},"meta":{}},{"ancestorTitles":["Cart Integration Tests"],"fullName":"Cart Integration Tests moet event delegation werken voor add-to-cart knoppen","status":"failed","title":"moet event delegation werken voor add-to-cart knoppen","duration":2.8467000000000553,"failureMessages":["TypeError: Cannot read properties of undefined (reading 'init')\n    at C:\\Users\\julia.DPIMEDIA\\AIdoc\\slimmermetai-site\\tests\\js\\integration\\cart.integration.test.js:119:10\n    at file:///C:/Users/julia.DPIMEDIA/AIdoc/slimmermetai-site/node_modules/@vitest/runner/dist/chunk-hooks.js:751:20"],"location":{"line":116,"column":5},"meta":{}},{"ancestorTitles":["Cart Integration Tests"],"fullName":"Cart Integration Tests moet cart kunnen leegmaken","status":"failed","title":"moet cart kunnen leegmaken","duration":2.1363000000001193,"failureMessages":["TypeError: Cannot read properties of undefined (reading 'init')\n    at C:\\Users\\julia.DPIMEDIA\\AIdoc\\slimmermetai-site\\tests\\js\\integration\\cart.integration.test.js:137:10\n    at file:///C:/Users/julia.DPIMEDIA/AIdoc/slimmermetai-site/node_modules/@vitest/runner/dist/chunk-hooks.js:751:20"],"location":{"line":134,"column":5},"meta":{}},{"ancestorTitles":["Cart Integration Tests"],"fullName":"Cart Integration Tests moet cart state persistent maken tussen sessies","status":"failed","title":"moet cart state persistent maken tussen sessies","duration":2.2007000000003245,"failureMessages":["TypeError: Cannot read properties of undefined (reading 'init')\n    at C:\\Users\\julia.DPIMEDIA\\AIdoc\\slimmermetai-site\\tests\\js\\integration\\cart.integration.test.js:156:10\n    at file:///C:/Users/julia.DPIMEDIA/AIdoc/slimmermetai-site/node_modules/@vitest/runner/dist/chunk-hooks.js:751:20"],"location":{"line":152,"column":5},"meta":{}},{"ancestorTitles":["Cart Integration Tests"],"fullName":"Cart Integration Tests moet API calls kunnen maken voor checkout","status":"failed","title":"moet API calls kunnen maken voor checkout","duration":2.2895000000007713,"failureMessages":["TypeError: Cannot read properties of undefined (reading 'init')\n    at C:\\Users\\julia.DPIMEDIA\\AIdoc\\slimmermetai-site\\tests\\js\\integration\\cart.integration.test.js:172:10\n    at file:///C:/Users/julia.DPIMEDIA/AIdoc/slimmermetai-site/node_modules/@vitest/runner/dist/chunk-hooks.js:751:20"],"location":{"line":169,"column":5},"meta":{}}],"startTime":1749223060833,"endTime":1749223060920.2896,"status":"failed","message":"","name":"C:/Users/julia.DPIMEDIA/AIdoc/slimmermetai-site/tests/js/integration/cart.integration.test.js"}]}