{"numTotalTestSuites":21,"numPassedTestSuites":21,"numFailedTestSuites":0,"numPendingTestSuites":0,"numTotalTests":51,"numPassedTests":51,"numFailedTests":0,"numPendingTests":0,"numTodoTests":0,"snapshot":{"added":0,"failure":false,"filesAdded":0,"filesRemoved":0,"filesRemovedList":[],"filesUnmatched":0,"filesUpdated":0,"matched":0,"total":0,"unchecked":0,"uncheckedKeysByFile":[],"unmatched":0,"updated":0,"didUpdate":false},"startTime":1749498299428,"success":true,"testResults":[{"assertionResults":[{"ancestorTitles":["Auth Functionaliteit","Login"],"fullName":"Auth Functionaliteit Login moet succesvol inloggen met geldige credentials","status":"passed","title":"moet succesvol inloggen met geldige credentials","duration":7.0987999999997555,"failureMessages":[],"location":{"line":119,"column":7},"meta":{}},{"ancestorTitles":["Auth Functionaliteit","Login"],"fullName":"Auth Functionaliteit Login moet error gooien bij ontbrekende email","status":"passed","title":"moet error gooien bij ontbrekende email","duration":4.3540999999968335,"failureMessages":[],"location":{"line":128,"column":7},"meta":{}},{"ancestorTitles":["Auth Functionaliteit","Login"],"fullName":"Auth Functionaliteit Login moet error gooien bij ontbrekend wachtwoord","status":"passed","title":"moet error gooien bij ontbrekend wachtwoord","duration":1.0547999999980675,"failureMessages":[],"location":{"line":132,"column":7},"meta":{}},{"ancestorTitles":["Auth Functionaliteit","Login"],"fullName":"Auth Functionaliteit Login moet error gooien bij te kort wachtwoord","status":"passed","title":"moet error gooien bij te kort wachtwoord","duration":0.6901999999972759,"failureMessages":[],"location":{"line":136,"column":7},"meta":{}},{"ancestorTitles":["Auth Functionaliteit","Registratie"],"fullName":"Auth Functionaliteit Registratie moet succesvol registreren met geldige gegevens","status":"passed","title":"moet succesvol registreren met geldige gegevens","duration":1.2062999999980093,"failureMessages":[],"location":{"line":142,"column":7},"meta":{}},{"ancestorTitles":["Auth Functionaliteit","Registratie"],"fullName":"Auth Functionaliteit Registratie moet error gooien bij niet-overeenkomende wachtwoorden","status":"passed","title":"moet error gooien bij niet-overeenkomende wachtwoorden","duration":0.6649999999935972,"failureMessages":[],"location":{"line":156,"column":7},"meta":{}},{"ancestorTitles":["Auth Functionaliteit","Registratie"],"fullName":"Auth Functionaliteit Registratie moet error gooien bij ongeldig email formaat","status":"passed","title":"moet error gooien bij ongeldig email formaat","duration":0.6447000000043772,"failureMessages":[],"location":{"line":165,"column":7},"meta":{}},{"ancestorTitles":["Auth Functionaliteit","Registratie"],"fullName":"Auth Functionaliteit Registratie moet error gooien bij ontbrekende velden","status":"passed","title":"moet error gooien bij ontbrekende velden","duration":0.5452000000004773,"failureMessages":[],"location":{"line":174,"column":7},"meta":{}},{"ancestorTitles":["Auth Functionaliteit","Wachtwoord vergeten"],"fullName":"Auth Functionaliteit Wachtwoord vergeten moet succesvol reset link verzenden","status":"passed","title":"moet succesvol reset link verzenden","duration":1.0177000000039698,"failureMessages":[],"location":{"line":185,"column":7},"meta":{}},{"ancestorTitles":["Auth Functionaliteit","Wachtwoord vergeten"],"fullName":"Auth Functionaliteit Wachtwoord vergeten moet error gooien bij ontbrekend email","status":"passed","title":"moet error gooien bij ontbrekend email","duration":0.7947000000058324,"failureMessages":[],"location":{"line":192,"column":7},"meta":{}},{"ancestorTitles":["Auth Functionaliteit","Wachtwoord vergeten"],"fullName":"Auth Functionaliteit Wachtwoord vergeten moet error gooien bij ongeldig email formaat","status":"passed","title":"moet error gooien bij ongeldig email formaat","duration":0.7044999999998254,"failureMessages":[],"location":{"line":196,"column":7},"meta":{}},{"ancestorTitles":["Auth Functionaliteit","Logout"],"fullName":"Auth Functionaliteit Logout moet gebruiker uitloggen en storage leegmaken","status":"passed","title":"moet gebruiker uitloggen en storage leegmaken","duration":0.904499999996915,"failureMessages":[],"location":{"line":202,"column":7},"meta":{}},{"ancestorTitles":["Auth Functionaliteit","Auth Status Check"],"fullName":"Auth Functionaliteit Auth Status Check moet ingelogde status detecteren met geldige token","status":"passed","title":"moet ingelogde status detecteren met geldige token","duration":0.4599000000016531,"failureMessages":[],"location":{"line":217,"column":7},"meta":{}},{"ancestorTitles":["Auth Functionaliteit","Auth Status Check"],"fullName":"Auth Functionaliteit Auth Status Check moet uitgelogde status detecteren zonder token","status":"passed","title":"moet uitgelogde status detecteren zonder token","duration":0.27929999999469146,"failureMessages":[],"location":{"line":226,"column":7},"meta":{}},{"ancestorTitles":["Auth Functionaliteit","Auth Status Check"],"fullName":"Auth Functionaliteit Auth Status Check moet uitgelogde status detecteren met ongeldige token","status":"passed","title":"moet uitgelogde status detecteren met ongeldige token","duration":0.5288000000000466,"failureMessages":[],"location":{"line":233,"column":7},"meta":{}},{"ancestorTitles":["Auth Functionaliteit","Password Visibility Toggle"],"fullName":"Auth Functionaliteit Password Visibility Toggle moet password type togglen naar text","status":"passed","title":"moet password type togglen naar text","duration":0.40019999999640277,"failureMessages":[],"location":{"line":244,"column":7},"meta":{}},{"ancestorTitles":["Auth Functionaliteit","Email validatie"],"fullName":"Auth Functionaliteit Email validatie moet valid@example.com als geldig markeren","status":"passed","title":"moet valid@example.com als geldig markeren","duration":0.3889000000053784,"failureMessages":[],"location":{"line":263,"column":9},"meta":{}},{"ancestorTitles":["Auth Functionaliteit","Email validatie"],"fullName":"Auth Functionaliteit Email validatie moet test.email@domain.co.uk als geldig markeren","status":"passed","title":"moet test.email@domain.co.uk als geldig markeren","duration":0.3165000000008149,"failureMessages":[],"location":{"line":263,"column":9},"meta":{}},{"ancestorTitles":["Auth Functionaliteit","Email validatie"],"fullName":"Auth Functionaliteit Email validatie moet user+tag@example.org als geldig markeren","status":"passed","title":"moet user+tag@example.org als geldig markeren","duration":0.2625000000043656,"failureMessages":[],"location":{"line":263,"column":9},"meta":{}},{"ancestorTitles":["Auth Functionaliteit","Email validatie"],"fullName":"Auth Functionaliteit Email validatie moet invalid-email als ongeldig markeren","status":"passed","title":"moet invalid-email als ongeldig markeren","duration":0.28699999999662396,"failureMessages":[],"location":{"line":263,"column":9},"meta":{}},{"ancestorTitles":["Auth Functionaliteit","Email validatie"],"fullName":"Auth Functionaliteit Email validatie moet @example.com als ongeldig markeren","status":"passed","title":"moet @example.com als ongeldig markeren","duration":0.27739999999903375,"failureMessages":[],"location":{"line":263,"column":9},"meta":{}},{"ancestorTitles":["Auth Functionaliteit","Email validatie"],"fullName":"Auth Functionaliteit Email validatie moet user@ als ongeldig markeren","status":"passed","title":"moet user@ als ongeldig markeren","duration":0.2264999999970314,"failureMessages":[],"location":{"line":263,"column":9},"meta":{}},{"ancestorTitles":["Auth Functionaliteit","Email validatie"],"fullName":"Auth Functionaliteit Email validatie moet user@.com als ongeldig markeren","status":"passed","title":"moet user@.com als ongeldig markeren","duration":0.1606000000028871,"failureMessages":[],"location":{"line":263,"column":9},"meta":{}},{"ancestorTitles":["Auth Functionaliteit","Email validatie"],"fullName":"Auth Functionaliteit Email validatie moet lege string als ongeldig markeren","status":"passed","title":"moet lege string als ongeldig markeren","duration":0.1287000000011176,"failureMessages":[],"location":{"line":263,"column":9},"meta":{}}],"startTime":1749498340137,"endTime":1749498340164.2773,"status":"passed","message":"","name":"C:/Users/julia.DPIMEDIA/AIdoc/slimmermetai-site/tests/js/auth.test.js"},{"assertionResults":[{"ancestorTitles":["Cart Functionaliteit","Items toevoegen"],"fullName":"Cart Functionaliteit Items toevoegen moet een item kunnen toevoegen aan lege cart","status":"passed","title":"moet een item kunnen toevoegen aan lege cart","duration":10.941399999996065,"failureMessages":[],"location":{"line":71,"column":7},"meta":{}},{"ancestorTitles":["Cart Functionaliteit","Items toevoegen"],"fullName":"Cart Functionaliteit Items toevoegen moet quantity verhogen van bestaand item","status":"passed","title":"moet quantity verhogen van bestaand item","duration":2.0037000000011176,"failureMessages":[],"location":{"line":89,"column":7},"meta":{}},{"ancestorTitles":["Cart Functionaliteit","Items toevoegen"],"fullName":"Cart Functionaliteit Items toevoegen moet meerdere verschillende items kunnen bewaren","status":"passed","title":"moet meerdere verschillende items kunnen bewaren","duration":0.8487999999997555,"failureMessages":[],"location":{"line":103,"column":7},"meta":{}},{"ancestorTitles":["Cart Functionaliteit","Items verwijderen"],"fullName":"Cart Functionaliteit Items verwijderen moet item kunnen verwijderen","status":"passed","title":"moet item kunnen verwijderen","duration":0.9993999999933294,"failureMessages":[],"location":{"line":119,"column":7},"meta":{}},{"ancestorTitles":["Cart Functionaliteit","Items verwijderen"],"fullName":"Cart Functionaliteit Items verwijderen moet niets doen bij onbekend item ID","status":"passed","title":"moet niets doen bij onbekend item ID","duration":1.101199999997334,"failureMessages":[],"location":{"line":124,"column":7},"meta":{}},{"ancestorTitles":["Cart Functionaliteit","Totaal berekeningen"],"fullName":"Cart Functionaliteit Totaal berekeningen moet subtotaal correct berekenen","status":"passed","title":"moet subtotaal correct berekenen","duration":0.7877000000007683,"failureMessages":[],"location":{"line":136,"column":7},"meta":{}},{"ancestorTitles":["Cart Functionaliteit","Totaal berekeningen"],"fullName":"Cart Functionaliteit Totaal berekeningen moet totaal met BTW correct berekenen","status":"passed","title":"moet totaal met BTW correct berekenen","duration":0.7858999999953085,"failureMessages":[],"location":{"line":141,"column":7},"meta":{}},{"ancestorTitles":["Cart Functionaliteit","LocalStorage persistentie"],"fullName":"Cart Functionaliteit LocalStorage persistentie moet cart opslaan in localStorage","status":"passed","title":"moet cart opslaan in localStorage","duration":0.9979999999995925,"failureMessages":[],"location":{"line":149,"column":7},"meta":{}},{"ancestorTitles":["Cart Functionaliteit","LocalStorage persistentie"],"fullName":"Cart Functionaliteit LocalStorage persistentie moet cart laden uit localStorage","status":"passed","title":"moet cart laden uit localStorage","duration":1.2412999999942258,"failureMessages":[],"location":{"line":158,"column":7},"meta":{}},{"ancestorTitles":["Cart Functionaliteit","LocalStorage persistentie"],"fullName":"Cart Functionaliteit LocalStorage persistentie moet lege array geven als localStorage leeg is","status":"passed","title":"moet lege array geven als localStorage leeg is","duration":0.7733999999982188,"failureMessages":[],"location":{"line":168,"column":7},"meta":{}},{"ancestorTitles":["Cart Functionaliteit","Cart leegmaken"],"fullName":"Cart Functionaliteit Cart leegmaken moet alle items verwijderen bij clear()","status":"passed","title":"moet alle items verwijderen bij clear()","duration":0.8701000000000931,"failureMessages":[],"location":{"line":175,"column":7},"meta":{}},{"ancestorTitles":["Cart Functionaliteit","getItems() functie"],"fullName":"Cart Functionaliteit getItems() functie moet alle cart items retourneren","status":"passed","title":"moet alle cart items retourneren","duration":0.9135000000023865,"failureMessages":[],"location":{"line":187,"column":7},"meta":{}}],"startTime":1749498340122,"endTime":1749498340145.9136,"status":"passed","message":"","name":"C:/Users/julia.DPIMEDIA/AIdoc/slimmermetai-site/tests/js/cart.test.js"},{"assertionResults":[{"ancestorTitles":["Auth Integration Tests"],"fullName":"Auth Integration Tests moet auth module kunnen laden en initialiseren","status":"passed","title":"moet auth module kunnen laden en initialiseren","duration":3193.9991999999984,"failureMessages":[],"location":{"line":62,"column":5},"meta":{}},{"ancestorTitles":["Auth Integration Tests"],"fullName":"Auth Integration Tests moet login form kunnen submitten met API call","status":"passed","title":"moet login form kunnen submitten met API call","duration":26.397000000004482,"failureMessages":[],"location":{"line":72,"column":5},"meta":{}},{"ancestorTitles":["Auth Integration Tests"],"fullName":"Auth Integration Tests moet JWT token kunnen opslaan en ophalen","status":"passed","title":"moet JWT token kunnen opslaan en ophalen","duration":12.494800000000396,"failureMessages":[],"location":{"line":98,"column":5},"meta":{}},{"ancestorTitles":["Auth Integration Tests"],"fullName":"Auth Integration Tests moet user session kunnen beheren","status":"passed","title":"moet user session kunnen beheren","duration":10.810600000004342,"failureMessages":[],"location":{"line":115,"column":5},"meta":{}},{"ancestorTitles":["Auth Integration Tests"],"fullName":"Auth Integration Tests moet password visibility kunnen togglen","status":"passed","title":"moet password visibility kunnen togglen","duration":35.597600000000966,"failureMessages":[],"location":{"line":139,"column":5},"meta":{}},{"ancestorTitles":["Auth Integration Tests"],"fullName":"Auth Integration Tests moet errors kunnen afhandelen bij API failures","status":"passed","title":"moet errors kunnen afhandelen bij API failures","duration":8.646999999997206,"failureMessages":[],"location":{"line":165,"column":5},"meta":{}},{"ancestorTitles":["Auth Integration Tests"],"fullName":"Auth Integration Tests moet network errors kunnen afhandelen","status":"passed","title":"moet network errors kunnen afhandelen","duration":9.07390000000305,"failureMessages":[],"location":{"line":188,"column":5},"meta":{}}],"startTime":1749498344697,"endTime":1749498347995.074,"status":"passed","message":"","name":"C:/Users/julia.DPIMEDIA/AIdoc/slimmermetai-site/tests/js/integration/auth.integration.test.js"},{"assertionResults":[{"ancestorTitles":["Cart Integration Tests"],"fullName":"Cart Integration Tests moet cart functionaliteit kunnen laden via module import","status":"passed","title":"moet cart functionaliteit kunnen laden via module import","duration":3204.2315000000017,"failureMessages":[],"location":{"line":81,"column":5},"meta":{}},{"ancestorTitles":["Cart Integration Tests"],"fullName":"Cart Integration Tests moet items kunnen toevoegen aan cart en localStorage updaten","status":"passed","title":"moet items kunnen toevoegen aan cart en localStorage updaten","duration":21.63430000000517,"failureMessages":[],"location":{"line":89,"column":5},"meta":{}},{"ancestorTitles":["Cart Integration Tests"],"fullName":"Cart Integration Tests moet cart counter in DOM kunnen updaten","status":"passed","title":"moet cart counter in DOM kunnen updaten","duration":16.099400000006426,"failureMessages":[],"location":{"line":110,"column":5},"meta":{}},{"ancestorTitles":["Cart Integration Tests"],"fullName":"Cart Integration Tests moet total kunnen berekenen inclusief BTW","status":"passed","title":"moet total kunnen berekenen inclusief BTW","duration":12.909500000001572,"failureMessages":[],"location":{"line":127,"column":5},"meta":{}},{"ancestorTitles":["Cart Integration Tests"],"fullName":"Cart Integration Tests moet cart kunnen leegmaken","status":"passed","title":"moet cart kunnen leegmaken","duration":14.39270000000397,"failureMessages":[],"location":{"line":139,"column":5},"meta":{}},{"ancestorTitles":["Cart Integration Tests"],"fullName":"Cart Integration Tests moet cart state persistent maken tussen sessies","status":"passed","title":"moet cart state persistent maken tussen sessies","duration":10.050100000000384,"failureMessages":[],"location":{"line":152,"column":5},"meta":{}},{"ancestorTitles":["Cart Integration Tests"],"fullName":"Cart Integration Tests moet items kunnen verwijderen uit cart","status":"passed","title":"moet items kunnen verwijderen uit cart","duration":8.468500000002678,"failureMessages":[],"location":{"line":170,"column":5},"meta":{}},{"ancestorTitles":["Cart Integration Tests"],"fullName":"Cart Integration Tests moet quantity kunnen updaten","status":"passed","title":"moet quantity kunnen updaten","duration":7.710399999996298,"failureMessages":[],"location":{"line":184,"column":5},"meta":{}}],"startTime":1749498344696,"endTime":1749498347992.7104,"status":"passed","message":"","name":"C:/Users/julia.DPIMEDIA/AIdoc/slimmermetai-site/tests/js/integration/cart.integration.test.js"}]}